<?xml version="1.0" encoding="UTF-8"?>
<testng-results skipped="0" failed="1" total="3" passed="2">
  <reporter-output>
  </reporter-output>
  <suite name="Default suite" duration-ms="20774" started-at="2019-11-03T14:40:19Z" finished-at="2019-11-03T14:40:40Z">
    <groups>
    </groups>
    <test name="Default test" duration-ms="20774" started-at="2019-11-03T14:40:19Z" finished-at="2019-11-03T14:40:40Z">
      <class name="webdriver_api.Topic_00_Template">
        <test-method status="PASS" signature="beforeClass()[pri:0, instance:webdriver_api.Topic_00_Template@c39f790]" name="beforeClass" is-config="true" duration-ms="19809" started-at="2019-11-03T21:40:19Z" finished-at="2019-11-03T21:40:39Z">
          <reporter-output>
          </reporter-output>
        </test-method> <!-- beforeClass -->
        <test-method status="PASS" signature="TC_01_ValidateCurrentUrl()[pri:0, instance:webdriver_api.Topic_00_Template@c39f790]" name="TC_01_ValidateCurrentUrl" duration-ms="57" started-at="2019-11-03T21:40:39Z" finished-at="2019-11-03T21:40:39Z">
          <reporter-output>
          </reporter-output>
        </test-method> <!-- TC_01_ValidateCurrentUrl -->
        <test-method status="PASS" signature="TC_02_ValidatePageTitle()[pri:0, instance:webdriver_api.Topic_00_Template@c39f790]" name="TC_02_ValidatePageTitle" duration-ms="32" started-at="2019-11-03T21:40:39Z" finished-at="2019-11-03T21:40:39Z">
          <reporter-output>
          </reporter-output>
        </test-method> <!-- TC_02_ValidatePageTitle -->
        <test-method status="FAIL" signature="TC_03_LoginFormDisplayed()[pri:0, instance:webdriver_api.Topic_00_Template@c39f790]" name="TC_03_LoginFormDisplayed" duration-ms="107" started-at="2019-11-03T21:40:39Z" finished-at="2019-11-03T21:40:39Z">
          <exception class="java.lang.AssertionError">
            <message>
              <![CDATA[expected [false] but found [true]]]>
            </message>
            <full-stacktrace>
              <![CDATA[java.lang.AssertionError: expected [false] but found [true]
	at org.testng.Assert.fail(Assert.java:94)
	at org.testng.Assert.failNotEquals(Assert.java:496)
	at org.testng.Assert.assertFalse(Assert.java:63)
	at org.testng.Assert.assertFalse(Assert.java:73)
	at webdriver_api.Topic_00_Template.TC_03_LoginFormDisplayed(Topic_00_Template.java:41)
	at sun.reflect.NativeMethodAccessorImpl.invoke0(Native Method)
	at sun.reflect.NativeMethodAccessorImpl.invoke(Unknown Source)
	at sun.reflect.DelegatingMethodAccessorImpl.invoke(Unknown Source)
	at java.lang.reflect.Method.invoke(Unknown Source)
	at org.testng.internal.MethodInvocationHelper.invokeMethod(MethodInvocationHelper.java:85)
	at org.testng.internal.Invoker.invokeMethod(Invoker.java:639)
	at org.testng.internal.Invoker.invokeTestMethod(Invoker.java:816)
	at org.testng.internal.Invoker.invokeTestMethods(Invoker.java:1124)
	at org.testng.internal.TestMethodWorker.invokeTestMethods(TestMethodWorker.java:125)
	at org.testng.internal.TestMethodWorker.run(TestMethodWorker.java:108)
	at org.testng.TestRunner.privateRun(TestRunner.java:774)
	at org.testng.TestRunner.run(TestRunner.java:624)
	at org.testng.SuiteRunner.runTest(SuiteRunner.java:359)
	at org.testng.SuiteRunner.runSequentially(SuiteRunner.java:354)
	at org.testng.SuiteRunner.privateRun(SuiteRunner.java:312)
	at org.testng.SuiteRunner.run(SuiteRunner.java:261)
	at org.testng.SuiteRunnerWorker.runSuite(SuiteRunnerWorker.java:52)
	at org.testng.SuiteRunnerWorker.run(SuiteRunnerWorker.java:86)
	at org.testng.TestNG.runSuitesSequentially(TestNG.java:1215)
	at org.testng.TestNG.runSuitesLocally(TestNG.java:1140)
	at org.testng.TestNG.run(TestNG.java:1048)
	at org.testng.remote.RemoteTestNG.run(RemoteTestNG.java:112)
	at org.testng.remote.RemoteTestNG.initAndRun(RemoteTestNG.java:205)
	at org.testng.remote.RemoteTestNG.main(RemoteTestNG.java:176)
]]>
            </full-stacktrace>
          </exception> <!-- java.lang.AssertionError -->
          <reporter-output>
          </reporter-output>
        </test-method> <!-- TC_03_LoginFormDisplayed -->
        <test-method status="PASS" signature="afterClass()[pri:0, instance:webdriver_api.Topic_00_Template@c39f790]" name="afterClass" is-config="true" duration-ms="735" started-at="2019-11-03T21:40:39Z" finished-at="2019-11-03T21:40:40Z">
          <reporter-output>
          </reporter-output>
        </test-method> <!-- afterClass -->
      </class> <!-- webdriver_api.Topic_00_Template -->
    </test> <!-- Default test -->
  </suite> <!-- Default suite -->
</testng-results>
